\BOOKMARK [0][-]{Doc-Start}{\376\377\000R\000e\000s\000u\000m\000e\000n}{}% 1
\BOOKMARK [0][-]{chapter*.1}{\376\377\000A\000b\000s\000t\000r\000a\000c\000t}{}% 2
\BOOKMARK [0][-]{section*.3}{\376\377\000A\000c\000k\000n\000o\000w\000l\000e\000d\000g\000e\000m\000e\000n\000t\000s}{}% 3
\BOOKMARK [0][-]{chapter.9}{\376\377\000C\000h\000a\000p\000t\000e\000r\000\040\000T\000i\000t\000l\000e\000\040\000H\000e\000r\000e}{}% 4
\BOOKMARK [1][-]{section.10}{\376\377\000W\000e\000l\000c\000o\000m\000e\000\040\000a\000n\000d\000\040\000T\000h\000a\000n\000k\000\040\000Y\000o\000u}{chapter.9}% 5
\BOOKMARK [1][-]{section.11}{\376\377\000L\000e\000a\000r\000n\000i\000n\000g\000\040\000L\000a\000T\000e\000X}{chapter.9}% 6
\BOOKMARK [2][-]{subsection.12}{\376\377\000A\000\040\000\050\000n\000o\000t\000\040\000s\000o\000\040\000s\000h\000o\000r\000t\000\051\000\040\000I\000n\000t\000r\000o\000d\000u\000c\000t\000i\000o\000n\000\040\000t\000o\000\040\000L\000a\000T\000e\000X}{section.11}% 7
\BOOKMARK [2][-]{subsection.13}{\376\377\000A\000\040\000S\000h\000o\000r\000t\000\040\000M\000a\000t\000h\000\040\000G\000u\000i\000d\000e\000\040\000f\000o\000r\000\040\000L\000a\000T\000e\000X}{section.11}% 8
\BOOKMARK [2][-]{subsection.14}{\376\377\000C\000o\000m\000m\000o\000n\000\040\000L\000a\000T\000e\000X\000\040\000M\000a\000t\000h\000\040\000S\000y\000m\000b\000o\000l\000s}{section.11}% 9
\BOOKMARK [2][-]{subsection.15}{\376\377\000L\000a\000T\000e\000X\000\040\000o\000n\000\040\000a\000\040\000M\000a\000c}{section.11}% 10
\BOOKMARK [1][-]{section.16}{\376\377\000G\000e\000t\000t\000i\000n\000g\000\040\000S\000t\000a\000r\000t\000e\000d\000\040\000w\000i\000t\000h\000\040\000t\000h\000i\000s\000\040\000T\000e\000m\000p\000l\000a\000t\000e}{chapter.9}% 11
\BOOKMARK [2][-]{subsection.17}{\376\377\000A\000b\000o\000u\000t\000\040\000t\000h\000i\000s\000\040\000T\000e\000m\000p\000l\000a\000t\000e}{section.16}% 12
\BOOKMARK [1][-]{section.18}{\376\377\000W\000h\000a\000t\000\040\000t\000h\000i\000s\000\040\000T\000e\000m\000p\000l\000a\000t\000e\000\040\000I\000n\000c\000l\000u\000d\000e\000s}{chapter.9}% 13
\BOOKMARK [2][-]{subsection.19}{\376\377\000F\000o\000l\000d\000e\000r\000s}{section.18}% 14
\BOOKMARK [2][-]{subsection.20}{\376\377\000F\000i\000l\000e\000s}{section.18}% 15
\BOOKMARK [1][-]{section.21}{\376\377\000F\000i\000l\000l\000i\000n\000g\000\040\000i\000n\000\040\000Y\000o\000u\000r\000\040\000I\000n\000f\000o\000r\000m\000a\000t\000i\000o\000n\000\040\000i\000n\000\040\000t\000h\000e\000\040\000m\000a\000i\000n\000.\000t\000e\000x\000\040\000F\000i\000l\000e}{chapter.9}% 16
\BOOKMARK [1][-]{section.22}{\376\377\000T\000h\000e\000\040\000m\000a\000i\000n\000.\000t\000e\000x\000\040\000F\000i\000l\000e\000\040\000E\000x\000p\000l\000a\000i\000n\000e\000d}{chapter.9}% 17
\BOOKMARK [1][-]{section.23}{\376\377\000T\000h\000e\000s\000i\000s\000\040\000F\000e\000a\000t\000u\000r\000e\000s\000\040\000a\000n\000d\000\040\000C\000o\000n\000v\000e\000n\000t\000i\000o\000n\000s}{chapter.9}% 18
\BOOKMARK [2][-]{subsection.24}{\376\377\000P\000r\000i\000n\000t\000i\000n\000g\000\040\000F\000o\000r\000m\000a\000t}{section.23}% 19
\BOOKMARK [2][-]{subsection.25}{\376\377\000U\000s\000i\000n\000g\000\040\000U\000S\000\040\000L\000e\000t\000t\000e\000r\000\040\000P\000a\000p\000e\000r}{section.23}% 20
\BOOKMARK [2][-]{subsection.26}{\376\377\000R\000e\000f\000e\000r\000e\000n\000c\000e\000s}{section.23}% 21
\BOOKMARK [3][-]{section*.28}{\376\377\000A\000\040\000N\000o\000t\000e\000\040\000o\000n\000\040\000b\000i\000b\000t\000e\000x}{subsection.26}% 22
\BOOKMARK [2][-]{subsection.29}{\376\377\000T\000a\000b\000l\000e\000s}{section.23}% 23
\BOOKMARK [2][-]{subsection.31}{\376\377\000F\000i\000g\000u\000r\000e\000s}{section.23}% 24
\BOOKMARK [2][-]{subsection.33}{\376\377\000T\000y\000p\000e\000s\000e\000t\000t\000i\000n\000g\000\040\000m\000a\000t\000h\000e\000m\000a\000t\000i\000c\000s}{section.23}% 25
\BOOKMARK [1][-]{section.35}{\376\377\000S\000e\000c\000t\000i\000o\000n\000i\000n\000g\000\040\000a\000n\000d\000\040\000S\000u\000b\000s\000e\00